[    0.000000] Initializing cgroup subsys cpuset
[    0.000000] Initializing cgroup subsys cpu
[    0.000000] Initializing cgroup subsys cpuacct
[    0.000000] Linux version 4.4.0-210-generic (buildd@lgw01-amd64-009) (gcc version 5.4.0 20160609 (Ubuntu 5.4.0-6ubuntu1~16.04.12) ) #242-Ubuntu SMP Fri Apr 16 09:57:56 UTC 2021 (Ubuntu 4.4.0-210.242-generic 4.4.262)
[    0.000000] Command line: BOOT_IMAGE=/boot/vmlinuz-4.4.0-210-generic root=LABEL=cloudimg-rootfs ro console=tty1 console=ttyS0
[    0.000000] KERNEL supported cpus:
[    0.000000]   Intel GenuineIntel
[    0.000000]   AMD AuthenticAMD
[    0.000000]   Centaur CentaurHauls
[    0.000000] x86/fpu: xstate_offset[2]:  576, xstate_sizes[2]:  256
[    0.000000] x86/fpu: Supporting XSAVE feature 0x01: 'x87 floating point registers'
[    0.000000] x86/fpu: Supporting XSAVE feature 0x02: 'SSE registers'
[    0.000000] x86/fpu: Supporting XSAVE feature 0x04: 'AVX registers'
[    0.000000] x86/fpu: Enabled xstate features 0x7, context size is 832 bytes, using 'standard' format.
[    0.000000] e820: BIOS-provided physical RAM map:
[    0.000000] BIOS-e820: [mem 0x0000000000000000-0x000000000009fbff] usable
[    0.000000] BIOS-e820: [mem 0x000000000009fc00-0x000000000009ffff] reserved
[    0.000000] BIOS-e820: [mem 0x00000000000f0000-0x00000000000fffff] reserved
[    0.000000] BIOS-e820: [mem 0x0000000000100000-0x000000003ffeffff] usable
[    0.000000] BIOS-e820: [mem 0x000000003fff0000-0x000000003fffffff] ACPI data
[    0.000000] BIOS-e820: [mem 0x00000000fec00000-0x00000000fec00fff] reserved
[    0.000000] BIOS-e820: [mem 0x00000000fee00000-0x00000000fee00fff] reserved
[    0.000000] BIOS-e820: [mem 0x00000000fffc0000-0x00000000ffffffff] reserved
[    0.000000] NX (Execute Disable) protection: active
[    0.000000] SMBIOS 2.5 present.
[    0.000000] Hypervisor detected: KVM
[    0.000000] e820: last_pfn = 0x3fff0 max_arch_pfn = 0x400000000
[    0.000000] MTRR: Disabled
[    0.000000] x86/PAT: MTRRs disabled, skipping PAT initialization too.
[    0.000000] CPU MTRRs all blank - virtualized system.
[    0.000000] x86/PAT: Configuration [0-7]: WB  WT  UC- UC  WB  WT  UC- UC  
[    0.000000] found SMP MP-table at [mem 0x0009fff0-0x0009ffff] mapped at [ffff88000009fff0]
[    0.000000] Scanning 1 areas for low memory corruption
[    0.000000] RAMDISK: [mem 0x362dc000-0x37165fff]
[    0.000000] ACPI: Early table checksum verification disabled
[    0.000000] ACPI: RSDP 0x00000000000E0000 000024 (v02 VBOX  )
[    0.000000] ACPI: XSDT 0x000000003FFF0030 00003C (v01 VBOX   VBOXXSDT 00000001 ASL  00000061)
[    0.000000] ACPI: FACP 0x000000003FFF00F0 0000F4 (v04 VBOX   VBOXFACP 00000001 ASL  00000061)
[    0.000000] ACPI: DSDT 0x000000003FFF0610 002353 (v02 VBOX   VBOXBIOS 00000002 INTL 20200528)
[    0.000000] ACPI: FACS 0x000000003FFF0200 000040
[    0.000000] ACPI: FACS 0x000000003FFF0200 000040
[    0.000000] ACPI: APIC 0x000000003FFF0240 00005C (v02 VBOX   VBOXAPIC 00000001 ASL  00000061)
[    0.000000] ACPI: SSDT 0x000000003FFF02A0 00036C (v01 VBOX   VBOXCPUT 00000002 INTL 20200528)
[    0.000000] No NUMA configuration found
[    0.000000] Faking a node at [mem 0x0000000000000000-0x000000003ffeffff]
[    0.000000] NODE_DATA(0) allocated [mem 0x3ffeb000-0x3ffeffff]
[    0.000000] kvm-clock: Using msrs 4b564d01 and 4b564d00
[    0.000000] kvm-clock: cpu 0, msr 0:3ffe3001, primary cpu clock
[    0.000000] kvm-clock: using sched offset of 3277332627 cycles
[    0.000000] clocksource: kvm-clock: mask: 0xffffffffffffffff max_cycles: 0x1cd42e4dffb, max_idle_ns: 881590591483 ns
[    0.000000] Zone ranges:
[    0.000000]   DMA      [mem 0x0000000000001000-0x0000000000ffffff]
[    0.000000]   DMA32    [mem 0x0000000001000000-0x000000003ffeffff]
[    0.000000]   Normal   empty
[    0.000000]   Device   empty
[    0.000000] Movable zone start for each node
[    0.000000] Early memory node ranges
[    0.000000]   node   0: [mem 0x0000000000001000-0x000000000009efff]
[    0.000000]   node   0: [mem 0x0000000000100000-0x000000003ffeffff]
[    0.000000] Initmem setup node 0 [mem 0x0000000000001000-0x000000003ffeffff]
[    0.000000] ACPI: PM-Timer IO Port: 0x4008
[    0.000000] IOAPIC[0]: apic_id 2, version 32, address 0xfec00000, GSI 0-23
[    0.000000] ACPI: INT_SRC_OVR (bus 0 bus_irq 0 global_irq 2 dfl dfl)
[    0.000000] ACPI: INT_SRC_OVR (bus 0 bus_irq 9 global_irq 9 low level)
[    0.000000] Using ACPI (MADT) for SMP configuration information
[    0.000000] smpboot: Allowing 2 CPUs, 0 hotplug CPUs
[    0.000000] PM: Registered nosave memory: [mem 0x00000000-0x00000fff]
[    0.000000] PM: Registered nosave memory: [mem 0x0009f000-0x0009ffff]
[    0.000000] PM: Registered nosave memory: [mem 0x000a0000-0x000effff]
[    0.000000] PM: Registered nosave memory: [mem 0x000f0000-0x000fffff]
[    0.000000] e820: [mem 0x40000000-0xfebfffff] available for PCI devices
[    0.000000] Booting paravirtualized kernel on KVM
[    0.000000] clocksource: refined-jiffies: mask: 0xffffffff max_cycles: 0xffffffff, max_idle_ns: 7645519600211568 ns
[    0.000000] setup_percpu: NR_CPUS:512 nr_cpumask_bits:512 nr_cpu_ids:2 nr_node_ids:1
[    0.000000] PERCPU: Embedded 33 pages/cpu @ffff88003fc00000 s95192 r8192 d31784 u1048576
[    0.000000] Built 1 zonelists in Node order, mobility grouping on.  Total pages: 257912
[    0.000000] Policy zone: DMA32
[    0.000000] Kernel command line: BOOT_IMAGE=/boot/vmlinuz-4.4.0-210-generic root=LABEL=cloudimg-rootfs ro console=tty1 console=ttyS0
[    0.000000] PID hash table entries: 4096 (order: 3, 32768 bytes)
[    0.000000] Memory: 997792K/1048120K available (8644K kernel code, 1332K rwdata, 4044K rodata, 1492K init, 1164K bss, 50328K reserved, 0K cma-reserved)
[    0.000000] SLUB: HWalign=64, Order=0-3, MinObjects=0, CPUs=2, Nodes=1
[    0.000000] Kernel/User page tables isolation: enabled
[    0.000000] Hierarchical RCU implementation.
[    0.000000] 	Build-time adjustment of leaf fanout to 64.
[    0.000000] 	RCU restricting CPUs from NR_CPUS=512 to nr_cpu_ids=2.
[    0.000000] RCU: Adjusting geometry for rcu_fanout_leaf=64, nr_cpu_ids=2
[    0.000000] NR_IRQS:33024 nr_irqs:440 16
[    0.000000] Console: colour VGA+ 80x25
[    0.000000] console [tty1] enabled
[    0.000000] console [ttyS0] enabled
[    0.000000] tsc: Detected 2584.186 MHz processor
[    0.410093] Calibrating delay loop (skipped) preset value.. 5168.37 BogoMIPS (lpj=10336744)
[    0.416418] pid_max: default: 32768 minimum: 301
[    0.419444] ACPI: Core revision 20150930
[    0.422809] ACPI: 2 ACPI AML tables successfully acquired and loaded
[    0.427645] Security Framework initialized
[    0.430189] Yama: becoming mindful.
[    0.432995] AppArmor: AppArmor initialized
[    0.436229] Dentry cache hash table entries: 131072 (order: 8, 1048576 bytes)
[    0.441840] Inode-cache hash table entries: 65536 (order: 7, 524288 bytes)
[    0.447483] Mount-cache hash table entries: 2048 (order: 2, 16384 bytes)
[    0.451808] Mountpoint-cache hash table entries: 2048 (order: 2, 16384 bytes)
[    0.456855] Initializing cgroup subsys io
[    0.459571] Initializing cgroup subsys memory
[    0.462230] Initializing cgroup subsys devices
[    0.465180] Initializing cgroup subsys freezer
[    0.468505] Initializing cgroup subsys net_cls
[    0.471327] Initializing cgroup subsys perf_event
[    0.475290] Initializing cgroup subsys net_prio
[    0.479106] Initializing cgroup subsys hugetlb
[    0.482338] Initializing cgroup subsys pids
[    0.498854] mce: CPU supports 0 MCE banks
[    0.502145] Last level iTLB entries: 4KB 64, 2MB 8, 4MB 8
[    0.505473] Last level dTLB entries: 4KB 64, 2MB 0, 4MB 0, 1GB 4
[    0.509186] Spectre V1 : Mitigation: usercopy/swapgs barriers and __user pointer sanitization
[    0.516278] Spectre V2 : Mitigation: Full generic retpoline
[    0.520385] Spectre V2 : Spectre v2 / SpectreRSB mitigation: Filling RSB on context switch
[    0.526402] Speculative Store Bypass: Vulnerable
[    0.529390] SRBDS: Unknown: Dependent on hypervisor status
[    0.534897] MDS: Mitigation: Clear CPU buffers
[    0.569557] Freeing SMP alternatives memory: 36K
[    0.641286] ftrace: allocating 32380 entries in 127 pages
[    1.120607] smpboot: APIC(0) Converting physical 0 to logical package 0
[    1.124867] smpboot: Max logical packages: 1
[    1.129342] x2apic enabled
[    1.132821] Switched APIC routing to physical x2apic.
[    1.143600] ..TIMER: vector=0x30 apic1=0 pin1=2 apic2=-1 pin2=-1
[    1.255710] smpboot: CPU0: Intel(R) Core(TM) i7-9750H CPU @ 2.60GHz (family: 0x6, model: 0x9e, stepping: 0xa)
[    1.264234] Performance Events: unsupported p6 CPU model 158 no PMU driver, software events only.
[    1.343838] KVM setup paravirtual spinlock
[    1.347528] x86: Booting SMP configuration:
[    1.350003] .... node  #0, CPUs:      #1
[    1.353430] kvm-clock: cpu 1, msr 0:3ffe3041, secondary cpu clock
[    1.370370] mce: CPU supports 0 MCE banks
[    1.375074] x86: Booted up 1 node, 2 CPUs
[    1.378060] smpboot: Total of 2 processors activated (10336.74 BogoMIPS)
[    1.383632] devtmpfs: initialized
[    1.387453] evm: security.selinux
[    1.389719] evm: security.SMACK64
[    1.391781] evm: security.SMACK64EXEC
[    1.394081] evm: security.SMACK64TRANSMUTE
[    1.396565] evm: security.SMACK64MMAP
[    1.398795] evm: security.ima
[    1.400732] evm: security.capability
[    1.403672] clocksource: jiffies: mask: 0xffffffff max_cycles: 0xffffffff, max_idle_ns: 7645041785100000 ns
[    1.409374] futex hash table entries: 512 (order: 3, 32768 bytes)
[    1.413233] pinctrl core: initialized pinctrl subsystem
[    1.416728] RTC time: 23:57:57, date: 05/01/23
[    1.419836] NET: Registered protocol family 16
[    1.433849] cpuidle: using governor ladder
[    1.447004] cpuidle: using governor menu
[    1.449799] PCCT header not found.
[    1.452563] ACPI: bus type PCI registered
[    1.455719] acpiphp: ACPI Hot Plug PCI Controller Driver version: 0.5
[    1.459919] PCI: Using configuration type 1 for base access
[    1.478389] ACPI: Added _OSI(Module Device)
[    1.480893] ACPI: Added _OSI(Processor Device)
[    1.483575] ACPI: Added _OSI(3.0 _SCP Extensions)
[    1.486373] ACPI: Added _OSI(Processor Aggregator Device)
[    1.490863] ACPI: Executed 1 blocks of module-level executable AML code
[    1.497661] ACPI: Interpreter enabled
[    1.499909] ACPI: (supports S0 S5)
[    1.502223] ACPI: Using IOAPIC for interrupt routing
[    1.505945] PCI: Using host bridge windows from ACPI; if necessary, use "pci=nocrs" and report a bug
[    1.518110] ACPI: PCI Root Bridge [PCI0] (domain 0000 [bus 00-ff])
[    1.521936] acpi PNP0A03:00: _OSC: OS supports [ASPM ClockPM Segments MSI]
[    1.526408] acpi PNP0A03:00: _OSC: not requesting OS control; OS requires [ExtendedConfig ASPM ClockPM MSI]
[    1.532098] acpi PNP0A03:00: fail to add MMCONFIG information, can't access extended PCI configuration space under this bridge.
[    1.539685] PCI host bridge to bus 0000:00
[    1.542187] pci_bus 0000:00: root bus resource [io  0x0000-0x0cf7 window]
[    1.546536] pci_bus 0000:00: root bus resource [io  0x0d00-0xffff window]
[    1.550380] pci_bus 0000:00: root bus resource [mem 0x000a0000-0x000bffff window]
[    1.555141] pci_bus 0000:00: root bus resource [mem 0x40000000-0xfdffffff window]
[    1.559588] pci_bus 0000:00: root bus resource [bus 00-ff]
[    1.568588] pci 0000:00:01.1: legacy IDE quirk: reg 0x10: [io  0x01f0-0x01f7]
[    1.573236] pci 0000:00:01.1: legacy IDE quirk: reg 0x14: [io  0x03f6]
[    1.577126] pci 0000:00:01.1: legacy IDE quirk: reg 0x18: [io  0x0170-0x0177]
[    1.593129] pci 0000:00:01.1: legacy IDE quirk: reg 0x1c: [io  0x0376]
[    1.638070] pci 0000:00:07.0: quirk: [io  0x4000-0x403f] claimed by PIIX4 ACPI
[    1.644069] pci 0000:00:07.0: quirk: [io  0x4100-0x410f] claimed by PIIX4 SMB
[    1.666871] ACPI: PCI Interrupt Link [LNKA] (IRQs 5 9 10 *11)
[    1.676049] ACPI: PCI Interrupt Link [LNKB] (IRQs 5 9 *10 11)
[    1.683838] ACPI: PCI Interrupt Link [LNKC] (IRQs 5 *9 10 11)
[    1.691064] ACPI: PCI Interrupt Link [LNKD] (IRQs 5 9 10 *11)
[    1.697516] ACPI: Enabled 2 GPEs in block 00 to 07
[    1.744036] vgaarb: setting as boot device: PCI:0000:00:02.0
[    1.750493] vgaarb: device added: PCI:0000:00:02.0,decodes=io+mem,owns=io+mem,locks=none
[    1.760015] vgaarb: loaded
[    1.775450] vgaarb: bridge control possible 0000:00:02.0
[    1.783000] SCSI subsystem initialized
[    1.788522] ACPI: bus type USB registered
[    1.794750] usbcore: registered new interface driver usbfs
[    1.801866] usbcore: registered new interface driver hub
[    1.808011] usbcore: registered new device driver usb
[    1.816583] PCI: Using ACPI for IRQ routing
[    1.823955] NetLabel: Initializing
[    1.826972] NetLabel:  domain hash size = 128
[    1.831633] NetLabel:  protocols = UNLABELED CIPSOv4
[    1.837789] NetLabel:  unlabeled traffic allowed by default
[    1.845014] amd_nb: Cannot enumerate AMD northbridges
[    1.851183] clocksource: Switched to clocksource kvm-clock
[    1.875631] AppArmor: AppArmor Filesystem Enabled
[    1.881565] pnp: PnP ACPI init
[    1.888288] pnp: PnP ACPI: found 3 devices
[    1.921085] clocksource: acpi_pm: mask: 0xffffff max_cycles: 0xffffff, max_idle_ns: 2085701024 ns
[    1.929883] NET: Registered protocol family 2
[    1.935112] TCP established hash table entries: 8192 (order: 4, 65536 bytes)
[    1.941907] TCP bind hash table entries: 8192 (order: 5, 131072 bytes)
[    1.947981] TCP: Hash tables configured (established 8192 bind 8192)
[    1.954053] UDP hash table entries: 512 (order: 2, 16384 bytes)
[    1.960561] UDP-Lite hash table entries: 512 (order: 2, 16384 bytes)
[    1.967030] NET: Registered protocol family 1
[    1.971086] pci 0000:00:00.0: Limiting direct PCI/PCI transfers
[    1.977431] pci 0000:00:01.0: Activating ISA DMA hang workarounds
[    1.984344] Unpacking initramfs...
[    2.281025] Freeing initrd memory: 14888K
[    2.284435] clocksource: tsc: mask: 0xffffffffffffffff max_cycles: 0x253fe18025f, max_idle_ns: 440795329958 ns
[    2.292533] platform rtc_cmos: registered platform RTC device (no PNP device found)
[    2.298444] Scanning for low memory corruption every 60 seconds
[    2.303803] audit: initializing netlink subsys (disabled)
[    2.307938] audit: type=2000 audit(1682985482.045:1): initialized
[    2.312435] Initialise system trusted keyring
[    2.316062] HugeTLB registered 2 MB page size, pre-allocated 0 pages
[    2.321285] zbud: loaded
[    2.323659] VFS: Disk quotas dquot_6.6.0
[    2.326279] VFS: Dquot-cache hash table entries: 512 (order 0, 4096 bytes)
[    2.330524] squashfs: version 4.0 (2009/01/31) Phillip Lougher
[    2.334881] fuse init (API version 7.23)
[    2.337597] Key type big_key registered
[    2.340089] Allocating IMA MOK and blacklist keyrings.
[    2.347680] Key type asymmetric registered
[    2.350341] Asymmetric key parser 'x509' registered
[    2.353556] Block layer SCSI generic (bsg) driver version 0.4 loaded (major 249)
[    2.358497] io scheduler noop registered
[    2.361493] io scheduler deadline registered (default)
[    2.365057] io scheduler cfq registered
[    2.368084] pci_hotplug: PCI Hot Plug PCI Core version: 0.5
[    2.371595] pciehp: PCI Express Hot Plug Controller Driver version: 0.4
[    2.376930] ACPI: AC Adapter [AC] (on-line)
[    2.379946] input: Power Button as /devices/LNXSYSTM:00/LNXPWRBN:00/input/input0
[    2.384823] ACPI: Power Button [PWRF]
[    2.387579] input: Sleep Button as /devices/LNXSYSTM:00/LNXSLPBN:00/input/input1
[    2.393101] ACPI: Sleep Button [SLPF]
[    2.396393] GHES: HEST is not enabled!
[    2.398736] ACPI: Battery Slot [BAT0] (battery present)
[    2.403213] Serial: 8250/16550 driver, 32 ports, IRQ sharing enabled
[    2.432574] 00:02: ttyS0 at I/O 0x3f8 (irq = 4, base_baud = 115200) is a 16550A
[    2.442722] Linux agpgart interface v0.103
[    2.449091] loop: module loaded
[    2.452252] scsi host0: ata_piix
[    2.454474] scsi host1: ata_piix
[    2.456588] ata1: PATA max UDMA/33 cmd 0x1f0 ctl 0x3f6 bmdma 0xd000 irq 14
[    2.460609] ata2: PATA max UDMA/33 cmd 0x170 ctl 0x376 bmdma 0xd008 irq 15
[    2.464850] libphy: Fixed MDIO Bus: probed
[    2.468287] tun: Universal TUN/TAP device driver, 1.6
[    2.471521] tun: (C) 1999-2004 Max Krasnyansky <maxk@qualcomm.com>
[    2.475920] PPP generic driver version 2.4.2
[    2.478813] ehci_hcd: USB 2.0 'Enhanced' Host Controller (EHCI) Driver
[    2.482738] ehci-pci: EHCI PCI platform driver
[    2.485558] ehci-platform: EHCI generic platform driver
[    2.488938] ohci_hcd: USB 1.1 'Open' Host Controller (OHCI) Driver
[    2.493050] ohci-pci: OHCI PCI platform driver
[    2.495810] ohci-platform: OHCI generic platform driver
[    2.499349] uhci_hcd: USB Universal Host Controller Interface driver
[    2.503155] i8042: PNP: PS/2 Controller [PNP0303:PS2K,PNP0f03:PS2M] at 0x60,0x64 irq 1,12
[    2.510235] serio: i8042 KBD port at 0x60,0x64 irq 1
[    2.513202] serio: i8042 AUX port at 0x60,0x64 irq 12
[    2.516824] mousedev: PS/2 mouse device common for all mice
[    2.521110] input: AT Translated Set 2 keyboard as /devices/platform/i8042/serio0/input/input2
[    2.527781] rtc_cmos rtc_cmos: rtc core: registered rtc_cmos as rtc0
[    2.531798] rtc_cmos rtc_cmos: alarms up to one day, 114 bytes nvram
[    2.536170] i2c /dev entries driver
[    2.538394] device-mapper: uevent: version 1.0.3
[    2.541573] device-mapper: ioctl: 4.34.0-ioctl (2015-10-28) initialised: dm-devel@redhat.com
[    2.546919] ledtrig-cpu: registered to indicate activity on CPUs
[    2.551830] NET: Registered protocol family 10
[    2.554882] NET: Registered protocol family 17
[    2.557605] Key type dns_resolver registered
[    2.560904] registered taskstats version 1
[    2.563359] Loading compiled-in X.509 certificates
[    2.567188] Loaded X.509 cert 'Build time autogenerated kernel key: cf00e047681d67edb2720680708b7d9498083038'
[    2.573117] zswap: loaded using pool lzo/zbud
[    2.579355] Key type trusted registered
[    2.585884] Key type encrypted registered
[    2.588409] AppArmor: AppArmor sha1 policy hashing enabled
[    2.591655] ima: No TPM chip found, activating TPM-bypass!
[    2.595095] ima: Allocated hash algorithm: sha1
[    2.598083] evm: HMAC attrs: 0x1
[    2.601228]   Magic number: 7:950:1008
[    2.603989] rtc_cmos rtc_cmos: setting system clock to 2023-05-01 23:57:58 UTC (1682985478)
[    2.609183] BIOS EDD facility v0.16 2004-Jun-25, 0 devices found
[    2.613052] EDD information not available.
[    2.672028] Freeing unused kernel memory: 1492K
[    2.675670] Write protecting the kernel read-only data: 14336k
[    2.679779] Freeing unused kernel memory: 1584K
[    2.683641] Freeing unused kernel memory: 52K
Loading, please wait...
starting version 229
[    2.712177] random: systemd-udevd: uninitialized urandom read (16 bytes read, 5 bits of entropy available)
[    2.712897] random: udevadm: uninitialized urandom read (16 bytes read, 5 bits of entropy available)
[    2.712954] random: udevadm: uninitialized urandom read (16 bytes read, 5 bits of entropy available)
[    2.736027] random: udevadm: uninitialized urandom read (16 bytes read, 5 bits of entropy available)
[    2.736102] random: udevadm: uninitialized urandom read (16 bytes read, 5 bits of entropy available)
[    2.736409] random: udevadm: uninitialized urandom read (16 bytes read, 5 bits of entropy available)
[    2.736553] random: udevadm: uninitialized urandom read (16 bytes read, 5 bits of entropy available)
[    2.736699] random: udevadm: uninitialized urandom read (16 bytes read, 5 bits of entropy available)
[    2.736823] random: udevadm: uninitialized urandom read (16 bytes read, 5 bits of entropy available)
[    2.736950] random: udevadm: uninitialized urandom read (16 bytes read, 5 bits of entropy available)
[    2.842832] e1000: Intel(R) PRO/1000 Network Driver - version 7.3.21-k8-NAPI
[    2.848585] e1000: Copyright (c) 1999-2006 Intel Corporation.
[    2.867552] Fusion MPT base driver 3.04.20
[    2.871850] Copyright (c) 1999-2008 LSI Corporation
[    2.903369] AVX2 version of gcm_enc/dec engaged.
[    2.906622] AES CTR mode by8 optimization enabled
[    2.927336] Fusion MPT SPI Host driver 3.04.20
[    3.094536] input: ImExPS/2 Generic Explorer Mouse as /devices/platform/i8042/serio1/input/input4
[    3.409790] e1000 0000:00:03.0 eth0: (PCI:33MHz:32-bit) 02:be:82:6b:cc:1d
[    3.413777] e1000 0000:00:03.0 eth0: Intel(R) PRO/1000 Network Connection
[    3.916010] e1000 0000:00:08.0 eth1: (PCI:33MHz:32-bit) 08:00:27:03:3c:6f
[    3.951535] e1000 0000:00:08.0 eth1: Intel(R) PRO/1000 Network Connection
[    3.968362] e1000 0000:00:03.0 enp0s3: renamed from eth0
[    3.976296] mptbase: ioc0: Initiating bringup
[    3.983530] e1000 0000:00:08.0 enp0s8: renamed from eth1
[    4.060540] ioc0: LSI53C1030 A0: Capabilities={Initiator}
[    4.232793] scsi host2: ioc0: LSI53C1030 A0, FwRev=00000000h, Ports=1, MaxQ=256, IRQ=20
[    4.347952] scsi 2:0:0:0: Direct-Access     VBOX     HARDDISK         1.0  PQ: 0 ANSI: 5
[    4.354398] scsi target2:0:0: Beginning Domain Validation
[    4.361922] scsi target2:0:0: Domain Validation skipping write tests
[    4.365929] scsi target2:0:0: Ending Domain Validation
[    4.369347] scsi target2:0:0: asynchronous
[    4.374184] scsi 2:0:1:0: Direct-Access     VBOX     HARDDISK         1.0  PQ: 0 ANSI: 5
[    4.390365] scsi target2:0:1: Beginning Domain Validation
[    4.397978] scsi target2:0:1: Domain Validation skipping write tests
[    4.401958] scsi target2:0:1: Ending Domain Validation
[    4.405823] scsi target2:0:1: asynchronous
[    4.421027] sd 2:0:0:0: Attached scsi generic sg0 type 0
[    4.421838] sd 2:0:0:0: [sda] 83886080 512-byte logical blocks: (42.9 GB/40.0 GiB)
[    4.422167] sd 2:0:0:0: [sda] Write Protect is off
[    4.422393] sd 2:0:0:0: [sda] Incomplete mode parameter data
[    4.422394] sd 2:0:0:0: [sda] Assuming drive cache: write through
[    4.441447] sd 2:0:1:0: Attached scsi generic sg1 type 0
[    4.443512]  sda: sda1
[    4.446403] sd 2:0:1:0: [sdb] 20480 512-byte logical blocks: (10.5 MB/10.0 MiB)
[    4.448329] sd 2:0:0:0: [sda] Attached SCSI disk
[    4.448358] sd 2:0:1:0: [sdb] Write Protect is off
[    4.448610] sd 2:0:1:0: [sdb] Incomplete mode parameter data
[    4.448611] sd 2:0:1:0: [sdb] Assuming drive cache: write through
[    4.452039] sd 2:0:1:0: [sdb] Attached SCSI disk
Begin: Loading essential drivers ... [    6.098177] md: linear personality registered for level -1
[    6.104925] md: multipath personality registered for level -4
[    6.111557] md: raid0 personality registered for level 0
[    6.124284] md: raid1 personality registered for level 1
[    6.233772] raid6: sse2x1   gen() 14528 MB/s
[    6.300726] raid6: sse2x1   xor()  9718 MB/s
[    6.367827] raid6: sse2x2   gen() 13564 MB/s
[    6.436665] raid6: sse2x2   xor()  7960 MB/s
[    6.511821] raid6: sse2x4   gen() 18291 MB/s
[    6.579854] raid6: sse2x4   xor() 11656 MB/s
[    6.659156] raid6: avx2x1   gen() 19858 MB/s
[    6.739415] raid6: avx2x2   gen() 22753 MB/s
[    6.809619] raid6: avx2x4   gen() 18721 MB/s
[    6.817300] raid6: using algorithm avx2x2 gen() 22753 MB/s
[    6.824254] raid6: using avx2x2 recovery algorithm
[    6.833581] xor: automatically using best checksumming function:
[    6.883360]    avx       : 14751.000 MB/sec
[    6.890190] async_tx: api initialized (async)
[    6.936276] md: raid6 personality registered for level 6
[    6.942496] md: raid5 personality registered for level 5
[    6.948814] md: raid4 personality registered for level 4
[    6.976530] md: raid10 personality registered for level 10
done.
Begin: Running /scripts/init-premount ... done.
Begin: Mounting root file system ... Begin: Running /scripts/local-top ... done.
Begin: Running /scripts/local-premount ... [    7.090071] Btrfs loaded
Scanning for Btrfs filesystems
done.
Warning: fsck not present, so skipping root file system
[    7.155430] EXT4-fs (sda1): mounted filesystem with ordered data mode. Opts: (null)
done.
Begin: Running /scripts/local-bottom ... done.
Begin: Running /scripts/init-bottom ... done.
[    7.299315] systemd[1]: systemd 229 running in system mode. (+PAM +AUDIT +SELINUX +IMA +APPARMOR +SMACK +SYSVINIT +UTMP +LIBCRYPTSETUP +GCRYPT +GNUTLS +ACL +XZ -LZ4 +SECCOMP +BLKID +ELFUTILS +KMOD -IDN)
[    7.310841] systemd[1]: Detected virtualization oracle.
[    7.314948] systemd[1]: Detected architecture x86-64.

Welcome to [1mUbuntu 16.04.7 LTS[0m!

[    7.324426] systemd[1]: Set hostname to <ubuntu>.
[    7.330677] systemd[1]: Initializing machine ID from random generator.
[    7.334901] systemd[1]: Installed transient /etc/machine-id file.
[    7.533561] systemd[1]: Reached target Swap.
[[0;32m  OK  [0m] Reached target Swap.
[    7.540868] systemd[1]: Listening on udev Kernel Socket.
[[0;32m  OK  [0m] Listening on udev Kernel Socket.
[    7.550587] systemd[1]: Created slice System Slice.
[[0;32m  OK  [0m] Created slice System Slice.
[    7.558878] systemd[1]: Created slice system-serial\x2dgetty.slice.
[[0;32m  OK  [0m] Created slice system-serial\x2dgetty.slice.
[    7.569111] systemd[1]: Reached target System Time Synchronized.
[[0;32m  OK  [0m] Reached target System Time Synchronized.
[    7.579941] systemd[1]: Created slice User and Session Slice.
[[0;32m  OK  [0m] Created slice User and Session Slice.
[    7.596250] systemd[1]: Reached target Slices.
[[0;32m  OK  [0m] Reached target Slices.
[    7.604537] systemd[1]: Listening on Syslog Socket.
[[0;32m  OK  [0m] Listening on Syslog Socket.
[    7.612855] systemd[1]: Listening on LVM2 poll daemon socket.
[[0;32m  OK  [0m] Listening on LVM2 poll daemon socket.
[    7.622412] systemd[1]: Reached target User and Group Name Lookups.
[[0;32m  OK  [0m] Reached target User and Group Name Lookups.
[    7.631429] systemd[1]: Listening on udev Control Socket.
[[0;32m  OK  [0m] Listening on udev Control Socket.
[    7.638939] systemd[1]: Listening on Journal Audit Socket.
[[0;32m  OK  [0m] Listening on Journal Audit Socket.
[    7.646224] systemd[1]: Listening on Journal Socket (/dev/log).
[[0;32m  OK  [0m] Listening on Journal Socket (/dev/log).
[    7.652742] systemd[1]: Listening on Device-mapper event daemon FIFOs.
[[0;32m  OK  [0m] Listening on Device-mapper event daemon FIFOs.
[    7.660335] systemd[1]: Listening on /dev/initctl Compatibility Named Pipe.
[[0;32m  OK  [0m] Listening on /dev/initctl Compatibility Named Pipe.
[    7.668648] systemd[1]: Started Forward Password Requests to Wall Directory Watch.
[[0;32m  OK  [0m] Started Forward Password Requests to Wall Directory Watch.
[    7.676407] systemd[1]: Started Trigger resolvconf update for networkd DNS.
[[0;32m  OK  [0m] Started Trigger resolvconf update for networkd DNS.
[    7.683547] systemd[1]: Listening on Journal Socket.
[[0;32m  OK  [0m] Listening on Journal Socket.
[    7.699540] systemd[1]: Mounting Huge Pages File System...
         Mounting Huge Pages File System...
[    7.709870] systemd[1]: Starting Journal Service...
         Starting Journal Service...
[    7.723866] systemd[1]: Starting Create list of required static device nodes for the current kernel...
         Starting Create list of required st... nodes for the current kernel...
[    7.741051] systemd[1]: Starting Uncomplicated firewall...
         Starting Uncomplicated firewall...
[    7.752660] systemd[1]: Mounting POSIX Message Queue File System...
         Mounting POSIX Message Queue File System...
[    7.765036] systemd[1]: Starting Set console keymap...
         Starting Set console keymap...
[    7.777942] systemd[1]: Mounting Debug File System...
         Mounting Debug File System...
[    7.787064] systemd[1]: Starting Load Kernel Modules...
         Starting Load Kernel Modules...
[    7.795093] systemd[1]: Starting Nameserver information manager...
         Starting Nameserver information manager...
[    7.803415] systemd[1]: Reached target Encrypted Volumes.
[[0;32m  OK  [0m] Reached target Encrypted Volumes.
[    7.811357] Loading iSCSI transport class v2.0-870.
[    7.811918] systemd[1]: Set up automount Arbitrary Executable File Formats File System Automount Point.
[[0;32m  OK  [0m] Set up automount Arbitrary Executab...ats File System Automount Point.
[    7.828104] systemd[1]: Listening on fsck to fsckd communication Socket.
[[0;32m  OK  [0m] Listening on fsck to fsckd communication Socket.
[    7.843235] iscsi: registered transport (tcp)
[    7.847339] systemd[1]: Starting File System Check on Root Device...
         Starting File System Check on Root Device...
[    7.855937] systemd[1]: Listening on LVM2 metadata daemon socket.
[[0;32m  OK  [0m] Listening on LVM2 metadata daemon socket.
[    7.863666] random: nonblocking pool is initialized
[    7.869301] systemd[1]: Starting Monitoring of LVM2 mirrors, snapshots etc. using dmeventd or progress polling...
         Starting Monitoring of LVM2 mirrors... dmeventd or progress polling...
[    7.885289] systemd[1]: Mounted Huge Pages File System.
[[0;32m  OK  [0m] Mounted Huge Pages File System.
[    7.892007] systemd[1]: Mounted POSIX Message Queue File System.
[[0;32m  OK  [0m] Mounted POSIX Message Queue File System.
[    7.898383] systemd[1]: Mounted Debug File System.
[[0;32m  OK  [0m] Mounted Debug File System.
[    7.908800] systemd[1]: Started Journal Service.
[[0;32m  OK  [0m] Started Journal Service.
[[0;32m  OK  [0m] Started Create list of required sta...ce nodes for the current kernel.
[[0;32m  OK  [0m] Started Uncomplicated firewall.
[[0;32m  OK  [0m] Started Set console keymap.
[[0;32m  OK  [0m] Started File System Check on Root Device.
[[0;32m  OK  [0m] Started Nameserver information manager.
[[0;32m  OK  [0m] Started LVM2 metadata daemon.
[[0;32m  OK  [0m] Started File System Check Daemon to report status.
         Starting Remount Root and Kernel File Systems...
         Starting Create Static Device Nodes in /dev...[    7.990658] iscsi: registered transport (iser)

[    8.000097] EXT4-fs (sda1): re-mounted. Opts: (null)
[[0;32m  OK  [0m] Started Load Kernel Modules.
[[0;32m  OK  [0m] Started Remount Root and Kernel File Systems.
         Starting udev Coldplug all Devices...
         Starting Load/Save Random Seed...
         Starting Flush Journal to Persistent Storage...
         Mounting FUSE Control File System...
         Starting Apply Kernel Variables...
[[0;32m  OK  [0m] Mounted FUSE Control File System.
[[0;32m  OK  [0m] Started Create Static Device Nodes in /dev.
[[0;32m  OK  [0m] Started Load/Save Random Seed.
         Starting udev Kernel Device Manager...
[    8.091593] systemd-journald[372]: Received request to flush runtime journal from PID 1
[[0;32m  OK  [0m] Started Apply Kernel Variables.
[[0;32m  OK  [0m] Started Flush Journal to Persistent Storage.
[[0;32m  OK  [0m] Started udev Kernel Device Manager.
[[0;32m  OK  [0m] Started udev Coldplug all Devices.
[[0;32m  OK  [0m] Started Dispatch Password Requests to Console Directory Watch.
[[0;32m  OK  [0m] Started Monitoring of LVM2 mirrors,...ng dmeventd or progress polling.
[[0;32m  OK  [0m] Reached target Local File Systems (Pre).
[[0;32m  OK  [0m] Reached target Local File Systems.
         Starting Create Volatile Files and Directories...
         Starting Commit a transient machine-id on disk...
         Starting Initial cloud-init job (pre-networking)...
         Starting Set console font and keymap...
         Starting Tell Plymouth To Write Out Runtime Data...
         Starting LSB: AppArmor initialization...
[[0;32m  OK  [0m] Started Create Volatile Files and Directories.
[[0;32m  OK  [0m] Started Tell Plymouth To Write Out Runtime Data.
[[0;32m  OK  [0m] Found device /dev/ttyS0.
         Starting Update UTMP about System Boot/Shutdown...
[[0;32m  OK  [0m] Started Commit a transient machine-id on disk.
[[0;32m  OK  [0m] Started Update UTMP about System Boot/Shutdown.
[[0;32m  OK  [0m] Listening on Load/Save RF Kill Switch Status /dev/rfkill Watch.
[    8.583144] cloud-init[534]: Cloud-init v. 21.1-19-gbad84ad4-0ubuntu1~16.04.2 running 'init-local' at Mon, 01 May 2023 23:58:05 +0000. Up 8.10 seconds.
[[0;32m  OK  [0m] Started Initial cloud-init job (pre-networking).
[[0;32m  OK  [0m] Started LSB: AppArmor initialization.
         Starting Load AppArmor profiles managed internally by snapd...
[[0;32m  OK  [0m] Reached target Network (Pre).
         Starting Raise network interfaces...
[[0;32m  OK  [0m] Started Load AppArmor profiles managed internally by snapd.
[[0;32m  OK  [0m] Started Set console font and keymap.
[[0;32m  OK  [0m] Created slice system-getty.slice.
[[0;32m  OK  [0m] Started Raise network interfaces.
[[0;32m  OK  [0m] Reached target Network.
         Starting Initial cloud-init job (metadata service crawler)...
[   10.368230] cloud-init[965]: Cloud-init v. 21.1-19-gbad84ad4-0ubuntu1~16.04.2 running 'init' at Mon, 01 May 2023 23:58:06 +0000. Up 9.92 seconds.
[   10.374093] cloud-init[965]: ci-info: ++++++++++++++++++++++++++++++++++++++Net device info+++++++++++++++++++++++++++++++++++++++
[   10.378912] cloud-init[965]: ci-info: +--------+-------+----------------------------+---------------+--------+-------------------+
[   10.383344] cloud-init[965]: ci-info: | Device |   Up  |          Address           |      Mask     | Scope  |     Hw-Address    |
[   10.387987] cloud-init[965]: ci-info: +--------+-------+----------------------------+---------------+--------+-------------------+
[   10.392351] cloud-init[965]: ci-info: | enp0s3 |  True |         10.0.2.15          | 255.255.255.0 | global | 02:be:82:6b:cc:1d |
[   10.397266] cloud-init[965]: ci-info: | enp0s3 |  True | fe80::be:82ff:fe6b:cc1d/64 |       .       |  link  | 02:be:82:6b:cc:1d |
[   10.408354] cloud-init[965]: ci-info: | enp0s8 | False |             .              |       .       |   .    | 08:00:27:03:3c:6f |
[   10.413599] cloud-init[965]: ci-info: |   lo   |  True |         127.0.0.1          |   255.0.0.0   |  host  |         .         |
[   10.419000] cloud-init[965]: ci-info: |   lo   |  True |          ::1/128           |       .       |  host  |         .         |
[   10.423942] cloud-init[965]: ci-info: +--------+-------+----------------------------+---------------+--------+-------------------+
[   10.428709] cloud-init[965]: ci-info: +++++++++++++++++++++++++++Route IPv4 info++++++++++++++++++++++++++++
[   10.432159] cloud-init[965]: ci-info: +-------+-------------+----------+---------------+-----------+-------+
[   10.436494] cloud-init[965]: ci-info: | Route | Destination | Gateway  |    Genmask    | Interface | Flags |
[   10.440110] cloud-init[965]: ci-info: +-------+-------------+----------+---------------+-----------+-------+
[   10.443783] cloud-init[965]: ci-info: |   0   |   0.0.0.0   | 10.0.2.2 |    0.0.0.0    |   enp0s3  |   UG  |
[   10.447389] cloud-init[965]: ci-info: |   1   |   10.0.2.0  | 0.0.0.0  | 255.255.255.0 |   enp0s3  |   U   |
[   10.451036] cloud-init[965]: ci-info: +-------+-------------+----------+---------------+-----------+-------+
[   10.454658] cloud-init[965]: ci-info: +++++++++++++++++++Route IPv6 info+++++++++++++++++++
[   10.457881] cloud-init[965]: ci-info: +-------+-------------+---------+-----------+-------+
[   10.461161] cloud-init[965]: ci-info: | Route | Destination | Gateway | Interface | Flags |
[   10.464412] cloud-init[965]: ci-info: +-------+-------------+---------+-----------+-------+
[   10.467603] cloud-init[965]: ci-info: |   0   |  fe80::/64  |    ::   |   enp0s3  |   U   |
[   10.470835] cloud-init[965]: ci-info: |   3   |   ff00::/8  |    ::   |   enp0s3  |   U   |
[   10.474025] cloud-init[965]: ci-info: +-------+-------------+---------+-----------+-------+
[   10.477251] cloud-init[965]: Generating public/private rsa key pair.
[   10.480363] cloud-init[965]: Your identification has been saved in /etc/ssh/ssh_host_rsa_key.
[   10.483728] cloud-init[965]: Your public key has been saved in /etc/ssh/ssh_host_rsa_key.pub.
[   10.487455] cloud-init[965]: The key fingerprint is:
[   10.489905] cloud-init[965]: SHA256:N/D6qm46fzVBW5SwT92t8C+RlgPsF4RXxH/jpU5EtK8 root@ubuntu-xenial
[   10.493419] cloud-init[965]: The key's randomart image is:
[   10.495907] cloud-init[965]: +---[RSA 2048]----+
[   10.498226] cloud-init[965]: |          .o.+o+o|
[   10.500580] cloud-init[965]: |          .o+oooo|
[   10.501509] cloud-init[965]: |        ...o=o+ +|
[   10.502565] cloud-init[965]: |         oo+ +.B+|
[   10.502851] cloud-init[965]: |        S +.o.@.=|
[   10.503148] cloud-init[965]: |         oo. oo* |
[   10.503476] cloud-init[965]: |        .. . oE .|
[   10.503771] cloud-init[965]: |    . . ..    .. |
[   10.504090] cloud-init[965]: |    .*+o...      |
[   10.504387] cloud-init[965]: +----[SHA256]-----+
[   10.504686] cloud-init[965]: Generating public/private dsa key pair.
[   10.505031] cloud-init[965]: Your identification has been saved in /etc/ssh/ssh_host_dsa_key.
[   10.505472] cloud-init[965]: Your public key has been saved in /etc/ssh/ssh_host_dsa_key.pub.
[   10.505894] cloud-init[965]: The key fingerprint is:
[   10.506477] cloud-init[965]: SHA256:SgAHbpn20kZzW9DgdRpDyEd5Ryej+Ioy/Jf308uT90Q root@ubuntu-xenial
[   10.506737] cloud-init[965]: The key's randomart image is:
[   10.507203] cloud-init[965]: +---[DSA 1024]----+
[   10.507515] cloud-init[965]: |  o...o**...+ .  |
[   10.507902] cloud-init[965]: | . = .oo+*...+   |
[   10.508186] cloud-init[965]: |  * + o.+...     |
[   10.508447] cloud-init[965]: | o + + o .       |
[   10.509035] cloud-init[965]: |  . + o S .     E|
[   10.509542] cloud-init[965]: |   + . o .     . |
[   10.509832] cloud-init[965]: |    + o ..   . ..|
[   10.510223] cloud-init[965]: |     +  o . ..+..|
[   10.510842] cloud-init[965]: |      .. . ...o+o|
[   10.511128] cloud-init[965]: +----[SHA256]-----+
[   10.511516] cloud-init[965]: Generating public/private ecdsa key pair.
[   10.512010] cloud-init[965]: Your identification has been saved in /etc/ssh/ssh_host_ecdsa_key.
[   10.512478] cloud-init[965]: Your public key has been saved in /etc/ssh/ssh_host_ecdsa_key.pub.
[   10.513043] cloud-init[965]: The key fingerprint is:
[   10.513377] cloud-init[965]: SHA256:3TckdSPblkEK/RFFGfaKqy3KhJJ0TK1cxXOZhmFbngI root@ubuntu-xenial
[   10.513707] cloud-init[965]: The key's randomart image is:
[   10.514041] cloud-init[965]: +---[ECDSA 256]---+
[   10.514373] cloud-init[965]: |        E.++o+oOO|
[   10.514709] cloud-init[965]: |       . +++*+*+=|
[   10.515044] cloud-init[965]: |      . o o++oo+o|
[   10.515371] cloud-init[965]: |     + o . o +.o |
[   10.515736] cloud-init[965]: |    . = S . o +  |
[   10.516064] cloud-init[965]: |   . o .     o . |
[   10.516549] cloud-init[965]: |    o . .   .    |
[   10.516881] cloud-init[965]: |     . o  .o     |
[   10.517208] cloud-init[965]: |        o....    |
[   10.517542] cloud-init[965]: +----[SHA256]-----+
[   10.517944] cloud-init[965]: Generating public/private ed25519 key pair.
[   10.518609] cloud-init[965]: Your identification has been saved in /etc/ssh/ssh_host_ed25519_key.
[   10.518936] cloud-init[965]: Your public key has been saved in /etc/ssh/ssh_host_ed25519_key.pub.
[   10.519212] cloud-init[965]: The key fingerprint is:
[   10.519517] cloud-init[965]: SHA256:8OnGbkXtWBF//ljlwumkL2cHxOP0ZLMuOBFzlAbrAI4 root@ubuntu-xenial
[   10.519842] cloud-init[965]: The key's randomart image is:
[   10.520151] cloud-init[965]: +--[ED25519 256]--+
[   10.520472] cloud-init[965]: |       .   .o..  |
[   10.520765] cloud-init[965]: |      o .   o=   |
[   10.521105] cloud-init[965]: |     E.. . ooo. o|
[   10.521398] cloud-init[965]: |       o .+ooo=*+|
[   10.521706] cloud-init[965]: |        S. =++==*|
[   10.522047] cloud-init[965]: |       o  o..+o=o|
[   10.522343] cloud-init[965]: |        +.  + +..|
[   10.522642] cloud-init[965]: |       o.  o.oo..|
[   10.522963] cloud-init[965]: |       ..   .+o. |
[   10.523309] cloud-init[965]: +----[SHA256]-----+
[[0;32m  OK  [0m] Started Initial cloud-init job (metadata service crawler).
[[0;32m  OK  [0m] Reached target System Initialization.
[[0;32m  OK  [0m] Started ACPI Events Check.
[[0;32m  OK  [0m] Reached target Paths.
[[0;32m  OK  [0m] Started Message of the Day.
[[0;32m  OK  [0m] Started Daily apt download activities.
[[0;32m  OK  [0m] Started Daily apt upgrade and clean activities.
[[0;32m  OK  [0m] Listening on D-Bus System Message Bus Socket.
[[0;32m  OK  [0m] Listening on ACPID Listen Socket.
[[0;32m  OK  [0m] Started Ubuntu Advantage update messaging.
         Starting LXD - unix socket.
[[0;32m  OK  [0m] Listening on UUID daemon activation socket.
[[0;32m  OK  [0m] Started Daily Cleanup of Temporary Directories.
[[0;32m  OK  [0m] Reached target Timers.
         Starting Socket activation for snappy daemon.
[[0;32m  OK  [0m] Reached target Network is Online.
         Starting iSCSI initiator daemon (iscsid)...
[[0;32m  OK  [0m] Reached target Cloud-config availability.
[[0;32m  OK  [0m] Listening on LXD - unix socket.
[[0;32m  OK  [0m] Listening on Socket activation for snappy daemon.
[[0;32m  OK  [0m] Reached target Sockets.
[[0;32m  OK  [0m] Reached target Basic System.
[[0;32m  OK  [0m] Started Regular background program processing daemon.
         Starting Pollinate to seed the pseudo random number generator...
         Starting LSB: Record successful boot for GRUB...
         Starting Accounts Service...
[[0;32m  OK  [0m] Started D-Bus System Message Bus.
[[0;32m  OK  [0m] Started ACPI event daemon.
         Starting /etc/rc.local Compatibility...
[[0;32m  OK  [0m] Started FUSE filesystem for LXC.
         Starting LXD - container startup/shutdown...
         Starting Virtualbox guest utils...
         Starting Login Service...
         Starting LSB: MD monitoring daemon...
[[0;32m  OK  [0m] Started Deferred execution scheduler.
         Starting Snap Daemon...
         Starting System Logging Service...
[[0;32m  OK  [0m] Started iSCSI initiator daemon (iscsid).
[[0;32m  OK  [0m] Started /etc/rc.local Compatibility.
         Starting Authenticate and Authorize Users to Run Privileged Tasks...
         Starting Login to default iSCSI targets...
[[0;32m  OK  [0m] Started System Logging Service.
[[0;32m  OK  [0m] Started LSB: Record successful boot for GRUB.
[[0;32m  OK  [0m] Started Login Service.
[[0;32m  OK  [0m] Started Authenticate and Authorize Users to Run Privileged Tasks.
[[0;32m  OK  [0m] Started Accounts Service.
[[0;32m  OK  [0m] Started Unattended Upgrades Shutdown.
[[0;32m  OK  [0m] Started LSB: MD monitoring daemon.
[[0;32m  OK  [0m] Started Login to default iSCSI targets.
[[0;32m  OK  [0m] Reached target Remote File Systems (Pre).
[[0;32m  OK  [0m] Reached target Remote File Systems.
         Starting Permit User Sessions...
         Starting LSB: daemon to balance interrupts for SMP systems...
         Starting LSB: automatic crash report generation...
         Starting LSB: Set the CPU Frequency Scaling governor to "ondemand"...
[[0;32m  OK  [0m] Started Permit User Sessions.
         Starting Hold until boot process finishes up...
         Starting Terminate Plymouth Boot Screen...
[[0;32m  OK  [0m] Started Hold until boot process finishes up.
[[0;32m  OK  [0m] Started LXD - container startup/shutdown.
[[0;32m  OK  [0m] Started Serial Getty on ttyS0.
         Starting Set console scheme...
[[0;32m  OK  [0m] Started Getty on tty1.
[[0;32m  OK  [0m] Reached target Login Prompts.
[[0;32m  OK  [0m] Started Terminate Plymouth Boot Screen.
[[0;32m  OK  [0m] Started LSB: daemon to balance interrupts for SMP systems.
[[0;32m  OK  [0m] Started Virtualbox guest utils.
[[0;32m  OK  [0m] Started Set console scheme.
[[0;32m  OK  [0m] Started LSB: Set the CPU Frequency Scaling governor to "ondemand".
[[0;32m  OK  [0m] Started LSB: automatic crash report generation.
[[0;32m  OK  [0m] Started Snap Daemon.
         Starting Wait until snapd is fully seeded...
[[0;32m  OK  [0m] Started Pollinate to seed the pseudo random number generator.
         Starting OpenBSD Secure Shell server...
[[0;32m  OK  [0m] Started OpenBSD Secure Shell server.
[[0;32m  OK  [0m] Created slice User Slice of vagrant.
         Starting User Manager for UID 1000...
[[0;32m  OK  [0m] Started Session 1 of user vagrant.
[[0;32m  OK  [0m] Started User Manager for UID 1000.
[[0;32m  OK  [0m] Started Wait until snapd is fully seeded.
[[0;32m  OK  [0m] Reached target Multi-User System.
[[0;32m  OK  [0m] Reached target Graphical Interface.
         Starting Update UTMP about System Runlevel Changes...
         Starting Apply the settings specified in cloud-config...
[[0;32m  OK  [0m] Started Update UTMP about System Runlevel Changes.
[   13.004961] cloud-init[1416]: Generating locales (this might take a while)...
         Stopping User Manager for UID 1000...
[[0;32m  OK  [0m] Stopped User Manager for UID 1000.
[[0;32m  OK  [0m] Removed slice User Slice of vagrant.
[[0;32m  OK  [0m] Created slice User Slice of vagrant.
         Starting User Manager for UID 1000...
[[0;32m  OK  [0m] Started Session 2 of user vagrant.
[[0;32m  OK  [0m] Started User Manager for UID 1000.
[   13.943969] cloud-init[1416]:   en_US.UTF-8... done
[   13.948872] cloud-init[1416]: Generation complete.
[   14.383558] cloud-init[1416]: Cloud-init v. 21.1-19-gbad84ad4-0ubuntu1~16.04.2 running 'modules:config' at Mon, 01 May 2023 23:58:09 +0000. Up 12.86 seconds.
[[0;32m  OK  [0m] Started Apply the settings specified in cloud-config.
         Starting Execute cloud user/final scripts...
ci-info: no authorized SSH keys fingerprints found for user ubuntu.
<14>May  1 23:58:11 ec2: 
<14>May  1 23:58:11 ec2: #############################################################
<14>May  1 23:58:11 ec2: -----BEGIN SSH HOST KEY FINGERPRINTS-----
<14>May  1 23:58:11 ec2: 1024 SHA256:SgAHbpn20kZzW9DgdRpDyEd5Ryej+Ioy/Jf308uT90Q root@ubuntu-xenial (DSA)
<14>May  1 23:58:11 ec2: 256 SHA256:3TckdSPblkEK/RFFGfaKqy3KhJJ0TK1cxXOZhmFbngI root@ubuntu-xenial (ECDSA)
<14>May  1 23:58:11 ec2: 256 SHA256:8OnGbkXtWBF//ljlwumkL2cHxOP0ZLMuOBFzlAbrAI4 root@ubuntu-xenial (ED25519)
<14>May  1 23:58:11 ec2: 2048 SHA256:N/D6qm46fzVBW5SwT92t8C+RlgPsF4RXxH/jpU5EtK8 root@ubuntu-xenial (RSA)
<14>May  1 23:58:11 ec2: -----END SSH HOST KEY FINGERPRINTS-----
<14>May  1 23:58:11 ec2: #############################################################
-----BEGIN SSH HOST KEY KEYS-----
ecdsa-sha2-nistp256 AAAAE2VjZHNhLXNoYTItbmlzdHAyNTYAAAAIbmlzdHAyNTYAAABBBNFBoy0q3XePPkGm+BGNvGP4Ui4/eoixh7mQNluAfc/HvQzsAyFPAI2pAloHC33BwWjgHnlYpWh/ObH5BB01k38= root@ubuntu-xenial
ssh-ed25519 AAAAC3NzaC1lZDI1NTE5AAAAIBFN1NRorMq2lnj36Pbe+9WCIF3IjGZdMc0TwcPE3ie3 root@ubuntu-xenial
ssh-rsa AAAAB3NzaC1yc2EAAAADAQABAAABAQCyBtzI8PJURL8/eaVNmFr8r3hlhSovJLq9l84VI0B2VYuDkrZEZ6jRPdxmnkkYNNRiD5bDyrOFREICmzXl94MwGnLyWfsGy8qnj8WBwPodSCZdJazuZ51sUqIMVc949/3aXRgyPPmVpAfmguBFWKElxH07HvnXG78f1NyQx+eceaVdOsG/lMM4Yhmp+h7xdT/GEog0A2jRTqqUQU3JoBLubC8Cx3J7mXuzQkXPvNgEknaGGTfjUb9aN2yvrzeMgCIEjj4612AOClbuKJtEQZMFWppQ4+4KtcYuDS5ORNV2eyS5f+hEKB0GO/8+68YchrJQPp0V1o8DFmhST8FNCnOR root@ubuntu-xenial
-----END SSH HOST KEY KEYS-----
[   15.009671] cloud-init[1647]: Cloud-init v. 21.1-19-gbad84ad4-0ubuntu1~16.04.2 running 'modules:final' at Mon, 01 May 2023 23:58:11 +0000. Up 14.77 seconds.
[   15.016235] cloud-init[1647]: ci-info: no authorized SSH keys fingerprints found for user ubuntu.
[   15.023645] cloud-init[1647]: Cloud-init v. 21.1-19-gbad84ad4-0ubuntu1~16.04.2 finished at Mon, 01 May 2023 23:58:11 +0000. Datasource DataSourceNoCloud [seed=/dev/sdb][dsmode=net].  Up 14.99 seconds
[[0;32m  OK  [0m] Started Execute cloud user/final scripts.
[[0;32m  OK  [0m] Reached target Cloud-init target.

Ubuntu 16.04.7 LTS web01 ttyS0

web01 login:          Stopping Session 3 of user vagrant.
[[0;32m  OK  [0m] Stopped target Timers.
[[0;32m  OK  [0m] Stopped Ubuntu Advantage update messaging.
         Stopping User Manager for UID 1000...
         Stopping Authenticate and Authorize Users to Run Privileged Tasks...
[[0;32m  OK  [0m] Stopped target Graphical Interface.
[[0;32m  OK  [0m] Closed Load/Save RF Kill Switch Status /dev/rfkill Watch.
         Stopping ACPI event daemon...
[[0;32m  OK  [0m] Stopped Message of the Day.
[[0;32m  OK  [0m] Stopped Daily Cleanup of Temporary Directories.
[[0;32m  OK  [0m] Stopped Daily apt upgrade and clean activities.
[[0;32m  OK  [0m] Stopped Daily apt download activities.
[[0;32m  OK  [0m] Stopped target System Time Synchronized.
[[0;32m  OK  [0m] Stopped target Cloud-init target.
[[0;32m  OK  [0m] Stopped Execute cloud user/final scripts.
[[0;32m  OK  [0m] Stopped target Multi-User System.
         Stopping Deferred execution scheduler...
         Stopping A high performance web server and a reverse proxy server...
         Stopping OpenBSD Secure Shell server...
         Stopping Regular background program processing daemon...
         Stopping LSB: daemon to balance interrupts for SMP systems...
         Stopping System Logging Service...
         Stopping LSB: MD monitoring daemon...
         Stopping LSB: Record successful boot for GRUB...
         Stopping LSB: Set the CPU Frequency Scaling governor to "ondemand"...
[[0;32m  OK  [0m] Stopped target Login Prompts.
         Stopping Serial Getty on ttyS0...
         Stopping Getty on tty1...
         Stopping D-Bus System Message Bus...
         Stopping FUSE filesystem for LXC...
[[0;32m  OK  [0m] Stopped Apply the settings specified in cloud-config.
[[0;32m  OK  [0m] Stopped target Cloud-config availability.
[[0;32m  OK  [0m] Stopped Wait until snapd is fully seeded.
         Stopping LSB: automatic crash report generation...
         Stopping Virtualbox guest utils...
         Stopping Accounts Service...
         Stopping LXD - container startup/shutdown...
[[0;32m  OK  [0m] Unmounted /var/lib/lxcfs.
[[0;32m  OK  [0m] Stopped Regular background program processing daemon.
[[0;32m  OK  [0m] Stopped Accounts Service.
[[0;32m  OK  [0m] Stopped Deferred execution scheduler.
[[0;32m  OK  [0m] Stopped System Logging Service.
[[0;32m  OK  [0m] Stopped Authenticate and Authorize Users to Run Privileged Tasks.
[[0;32m  OK  [0m] Stopped Serial Getty on ttyS0.
[[0;32m  OK  [0m] Stopped Getty on tty1.
[[0;32m  OK  [0m] Stopped OpenBSD Secure Shell server.
[[0;32m  OK  [0m] Stopped User Manager for UID 1000.
[[0;32m  OK  [0m] Stopped ACPI event daemon.
[[0;32m  OK  [0m] Stopped A high performance web server and a reverse proxy server.
[[0;32m  OK  [0m] Stopped Session 3 of user vagrant.
[[0;32m  OK  [0m] Stopped D-Bus System Message Bus.
[[0;32m  OK  [0m] Stopped FUSE filesystem for LXC.
[[0;32m  OK  [0m] Stopped LXD - container startup/shutdown.
[[0;32m  OK  [0m] Stopped LSB: Set the CPU Frequency Scaling governor to "ondemand".
[[0;32m  OK  [0m] Stopped LSB: Record successful boot for GRUB.
[[0;32m  OK  [0m] Stopped LSB: MD monitoring daemon.
[[0;32m  OK  [0m] Removed slice User Slice of vagrant.
         Stopping Login Service...
[[0;32m  OK  [0m] Removed slice system-getty.slice.
         Stopping Permit User Sessions...
[[0;32m  OK  [0m] Stopped /etc/rc.local Compatibility.
[[0;32m  OK  [0m] Removed slice system-serial\x2dgetty.slice.
[[0;32m  OK  [0m] Stopped LSB: daemon to balance interrupts for SMP systems.
[[0;32m  OK  [0m] Stopped LSB: automatic crash report generation.
[[0;32m  OK  [0m] Stopped Virtualbox guest utils.
[[0;32m  OK  [0m] Stopped Permit User Sessions.
[[0;32m  OK  [0m] Stopped target Remote File Systems.
         Unmounting /vagrant...
[[0;32m  OK  [0m] Unmounted /vagrant.
[[0;32m  OK  [0m] Stopped target Remote File Systems (Pre).
         Stopping Login to default iSCSI targets...
[[0;32m  OK  [0m] Stopped Login Service.
[[0;32m  OK  [0m] Stopped target Basic System.
[[0;32m  OK  [0m] Stopped target Sockets.
[[0;32m  OK  [0m] Closed UUID daemon activation socket.
[[0;32m  OK  [0m] Closed LXD - unix socket.
[[0;32m  OK  [0m] Closed ACPID Listen Socket.
[[0;32m  OK  [0m] Closed Syslog Socket.
[[0;32m  OK  [0m] Closed Socket activation for snappy daemon.
[[0;32m  OK  [0m] Stopped target Slices.
[[0;32m  OK  [0m] Removed slice User and Session Slice.
[[0;32m  OK  [0m] Stopped target Paths.
[[0;32m  OK  [0m] Stopped Dispatch Password Requests to Console Directory Watch.
[[0;32m  OK  [0m] Stopped Forward Password Requests to Wall Directory Watch.
[[0;32m  OK  [0m] Stopped ACPI Events Check.
[[0;32m  OK  [0m] Closed D-Bus System Message Bus Socket.
[[0;32m  OK  [0m] Stopped target System Initialization.
[[0;32m  OK  [0m] Stopped target Swap.
[[0;32m  OK  [0m] Stopped target Encrypted Volumes.
         Stopping Update UTMP about System Boot/Shutdown...
         Stopping Load/Save Random Seed...
[[0;32m  OK  [0m] Stopped Commit a transient machine-id on disk.
[[0;32m  OK  [0m] Stopped target User and Group Name Lookups.
[[0;32m  OK  [0m] Stopped Load/Save Random Seed.
[[0;32m  OK  [0m] Stopped Update UTMP about System Boot/Shutdown.
[[0;32m  OK  [0m] Stopped Create Volatile Files and Directories.
[[0;32m  OK  [0m] Stopped Login to default iSCSI targets.
         Stopping iSCSI initiator daemon (iscsid)...
[[0;32m  OK  [0m] Stopped iSCSI initiator daemon (iscsid).
[[0;32m  OK  [0m] Stopped target Network is Online.
[[0;32m  OK  [0m] Stopped target Network.
[[0;32m  OK  [0m] Stopped Initial cloud-init job (metadata service crawler).
         Stopping Raise network interfaces...
[[0;32m  OK  [0m] Stopped Raise network interfaces.
[[0;32m  OK  [0m] Stopped Apply Kernel Variables.
[[0;32m  OK  [0m] Stopped Load Kernel Modules.
[[0;32m  OK  [0m] Stopped target Network (Pre).
[[0;32m  OK  [0m] Stopped Initial cloud-init job (pre-networking).
[[0;32m  OK  [0m] Stopped target Local File Systems.
         Unmounting /run/user/1000...
[[0;32m  OK  [0m] Unmounted /run/user/1000.
[[0;32m  OK  [0m] Reached target Unmount All Filesystems.
[[0;32m  OK  [0m] Stopped target Local File Systems (Pre).
[[0;32m  OK  [0m] Stopped Create Static Device Nodes in /dev.
         Stopping Monitoring of LVM2 mirrors... dmeventd or progress polling...
[[0;32m  OK  [0m] Stopped Remount Root and Kernel File Systems.
[[0;32m  OK  [0m] Reached target Shutdown.
[  279.575282] reboot: Power down
